2026-03-09 22:04:34,892 - __main__ - INFO - 测试应用程序启动
2026-03-09 22:05:08,545 - __main__ - INFO - 测试应用程序启动
2026-03-09 22:05:10,736 - __main__ - INFO - 开始导入数据
2026-03-09 22:05:10,738 - __main__ - ERROR - 错误: MainTestApp.start_import_data.<locals>.import_data_task() got an unexpected keyword argument 'progress_callback'
2026-03-09 22:05:15,974 - __main__ - INFO - 开始PCA降维训练
2026-03-09 22:05:15,977 - __main__ - ERROR - 错误: MainTestApp.start_pca_training.<locals>.pca_task() got an unexpected keyword argument 'progress_callback'
2026-03-09 22:05:22,026 - __main__ - INFO - 通知已清空
2026-03-09 22:05:23,507 - __main__ - INFO - 开始训练随机森林模型
2026-03-09 22:05:23,513 - __main__ - ERROR - 错误: MainTestApp.start_rf_training.<locals>.rf_task() got an unexpected keyword argument 'progress_callback'
2026-03-09 22:07:24,202 - __main__ - INFO - 测试应用程序启动
2026-03-09 22:07:26,398 - __main__ - INFO - 开始导入数据
2026-03-09 22:07:26,399 - __main__ - INFO - 正在连接数据库
2026-03-09 22:07:26,399 - __main__ - INFO - 正在连接数据库...
2026-03-09 22:07:26,401 - database.db_manager - INFO - 数据库表创建/检查完成
2026-03-09 22:07:26,401 - database.db_manager - INFO - 数据库表创建/检查完成
2026-03-09 22:07:26,401 - database.db_manager - INFO - 数据库管理器初始化完成，路径: database/fault_data.db
2026-03-09 22:07:26,402 - __main__ - INFO - 数据库连接成功
2026-03-09 22:07:26,402 - __main__ - INFO - 数据库连接成功
2026-03-09 22:07:26,402 - __main__ - INFO - 开始导入数据...
2026-03-09 22:07:26,621 - database.db_manager - INFO - 成功读取Excel文件: D:\Code\Python\GraduationProject\data\DGA_data.xlsx
2026-03-09 22:07:26,621 - database.db_manager - INFO - 数据形状: (570, 6)
2026-03-09 22:07:26,622 - database.db_manager - INFO - 原始列名: ['H2', 'CH4', 'C2H6', 'C2H4', 'C2H2', '故障类别']
2026-03-09 22:07:26,622 - database.db_manager - INFO - 标准化列名: ['h2', 'ch4', 'c2h6', 'c2h4', 'c2h2', '故障类别']
2026-03-09 22:07:26,622 - database.db_manager - INFO - 识别到故障类型列: 故障类别
2026-03-09 22:07:26,623 - database.db_manager - INFO - 添加故障类型列到导入列表: 故障类别
2026-03-09 22:07:26,624 - database.db_manager - INFO - 过滤后数据形状: (570, 6)
2026-03-09 22:07:26,625 - database.db_manager - WARNING - 数据库中已存在 570 条来自 DGA_data.xlsx 的数据
2026-03-09 22:07:26,625 - database.db_manager - INFO - 如需重新导入，请先手动清空oil_chromatography表
2026-03-09 22:07:26,627 - __main__ - INFO - 数据导入完成，成功导入 570 条记录
2026-03-09 22:07:27,265 - __main__ - INFO - 开始导入数据
2026-03-09 22:07:27,266 - __main__ - INFO - 开始导入数据...
2026-03-09 22:07:27,294 - database.db_manager - INFO - 成功读取Excel文件: D:\Code\Python\GraduationProject\data\DGA_data.xlsx
2026-03-09 22:07:27,294 - database.db_manager - INFO - 数据形状: (570, 6)
2026-03-09 22:07:27,294 - database.db_manager - INFO - 原始列名: ['H2', 'CH4', 'C2H6', 'C2H4', 'C2H2', '故障类别']
2026-03-09 22:07:27,295 - database.db_manager - INFO - 标准化列名: ['h2', 'ch4', 'c2h6', 'c2h4', 'c2h2', '故障类别']
2026-03-09 22:07:27,295 - database.db_manager - INFO - 识别到故障类型列: 故障类别
2026-03-09 22:07:27,296 - database.db_manager - INFO - 添加故障类型列到导入列表: 故障类别
2026-03-09 22:07:27,297 - database.db_manager - INFO - 过滤后数据形状: (570, 6)
2026-03-09 22:07:27,298 - database.db_manager - WARNING - 数据库中已存在 570 条来自 DGA_data.xlsx 的数据
2026-03-09 22:07:27,298 - database.db_manager - INFO - 如需重新导入，请先手动清空oil_chromatography表
2026-03-09 22:07:27,299 - __main__ - INFO - 数据导入完成，成功导入 570 条记录
2026-03-09 22:07:27,851 - __main__ - INFO - 开始导入数据
2026-03-09 22:07:27,853 - __main__ - INFO - 开始导入数据...
2026-03-09 22:07:27,881 - database.db_manager - INFO - 成功读取Excel文件: D:\Code\Python\GraduationProject\data\DGA_data.xlsx
2026-03-09 22:07:27,882 - database.db_manager - INFO - 数据形状: (570, 6)
2026-03-09 22:07:27,882 - database.db_manager - INFO - 原始列名: ['H2', 'CH4', 'C2H6', 'C2H4', 'C2H2', '故障类别']
2026-03-09 22:07:27,882 - database.db_manager - INFO - 标准化列名: ['h2', 'ch4', 'c2h6', 'c2h4', 'c2h2', '故障类别']
2026-03-09 22:07:27,882 - database.db_manager - INFO - 识别到故障类型列: 故障类别
2026-03-09 22:07:27,882 - database.db_manager - INFO - 添加故障类型列到导入列表: 故障类别
2026-03-09 22:07:27,883 - database.db_manager - INFO - 过滤后数据形状: (570, 6)
2026-03-09 22:07:27,885 - database.db_manager - WARNING - 数据库中已存在 570 条来自 DGA_data.xlsx 的数据
2026-03-09 22:07:27,885 - database.db_manager - INFO - 如需重新导入，请先手动清空oil_chromatography表
2026-03-09 22:07:27,886 - __main__ - INFO - 数据导入完成，成功导入 570 条记录
2026-03-09 22:07:28,516 - __main__ - INFO - 开始导入数据
2026-03-09 22:07:28,518 - __main__ - INFO - 开始导入数据...
2026-03-09 22:07:28,547 - database.db_manager - INFO - 成功读取Excel文件: D:\Code\Python\GraduationProject\data\DGA_data.xlsx
2026-03-09 22:07:28,547 - database.db_manager - INFO - 数据形状: (570, 6)
2026-03-09 22:07:28,547 - database.db_manager - INFO - 原始列名: ['H2', 'CH4', 'C2H6', 'C2H4', 'C2H2', '故障类别']
2026-03-09 22:07:28,547 - database.db_manager - INFO - 标准化列名: ['h2', 'ch4', 'c2h6', 'c2h4', 'c2h2', '故障类别']
2026-03-09 22:07:28,548 - database.db_manager - INFO - 识别到故障类型列: 故障类别
2026-03-09 22:07:28,548 - database.db_manager - INFO - 添加故障类型列到导入列表: 故障类别
2026-03-09 22:07:28,549 - database.db_manager - INFO - 过滤后数据形状: (570, 6)
2026-03-09 22:07:28,550 - database.db_manager - WARNING - 数据库中已存在 570 条来自 DGA_data.xlsx 的数据
2026-03-09 22:07:28,550 - database.db_manager - INFO - 如需重新导入，请先手动清空oil_chromatography表
2026-03-09 22:07:28,552 - __main__ - INFO - 数据导入完成，成功导入 570 条记录
2026-03-09 22:07:29,032 - __main__ - INFO - 开始导入数据
2026-03-09 22:07:29,034 - __main__ - INFO - 开始导入数据...
2026-03-09 22:07:29,063 - database.db_manager - INFO - 成功读取Excel文件: D:\Code\Python\GraduationProject\data\DGA_data.xlsx
2026-03-09 22:07:29,063 - database.db_manager - INFO - 数据形状: (570, 6)
2026-03-09 22:07:29,063 - database.db_manager - INFO - 原始列名: ['H2', 'CH4', 'C2H6', 'C2H4', 'C2H2', '故障类别']
2026-03-09 22:07:29,064 - database.db_manager - INFO - 标准化列名: ['h2', 'ch4', 'c2h6', 'c2h4', 'c2h2', '故障类别']
2026-03-09 22:07:29,064 - database.db_manager - INFO - 识别到故障类型列: 故障类别
2026-03-09 22:07:29,064 - database.db_manager - INFO - 添加故障类型列到导入列表: 故障类别
2026-03-09 22:07:29,065 - database.db_manager - INFO - 过滤后数据形状: (570, 6)
2026-03-09 22:07:29,067 - database.db_manager - WARNING - 数据库中已存在 570 条来自 DGA_data.xlsx 的数据
2026-03-09 22:07:29,067 - database.db_manager - INFO - 如需重新导入，请先手动清空oil_chromatography表
2026-03-09 22:07:29,068 - __main__ - INFO - 数据导入完成，成功导入 570 条记录
2026-03-09 22:07:30,020 - __main__ - INFO - 开始PCA降维训练
2026-03-09 22:07:30,022 - __main__ - INFO - 开始PCA降维训练
2026-03-09 22:07:30,023 - __main__ - INFO - 从数据库读取数据...
2026-03-09 22:07:30,024 - database.db_manager - INFO - 数据库表创建/检查完成
2026-03-09 22:07:30,024 - database.db_manager - INFO - 数据库表创建/检查完成
2026-03-09 22:07:30,024 - database.db_manager - INFO - 数据库管理器初始化完成，路径: database/fault_data.db
2026-03-09 22:07:30,026 - utils.train_pca - INFO - 成功从数据库读取数据，形状: (570, 7)
2026-03-09 22:07:30,026 - utils.train_pca - INFO - 数据库路径: database/fault_data.db
2026-03-09 22:07:30,027 - __main__ - INFO - 成功从数据库读取数据，形状: (570, 7)
2026-03-09 22:07:30,027 - utils.train_pca - INFO - 提取特征: ['h2', 'ch4', 'c2h6', 'c2h4', 'c2h2']
2026-03-09 22:07:30,028 - utils.train_pca - INFO - 原始数据形状: (570, 5)
2026-03-09 22:07:30,028 - __main__ - INFO - 提取特征: ['h2', 'ch4', 'c2h6', 'c2h4', 'c2h2']
2026-03-09 22:07:30,028 - __main__ - INFO - 原始数据形状: (570, 5)
2026-03-09 22:07:30,029 - __main__ - INFO - 开始数据标准化...
2026-03-09 22:07:30,029 - utils.train_pca - INFO - 数据标准化完成
2026-03-09 22:07:30,029 - __main__ - INFO - 数据标准化完成
2026-03-09 22:07:30,030 - utils.train_pca - INFO - PCA 降维完成，保留 4 个主成分
2026-03-09 22:07:30,030 - __main__ - INFO - 开始PCA降维...
2026-03-09 22:07:30,030 - utils.train_pca - INFO - 方差贡献率: [0.45666957 0.25982993 0.20186054 0.05650557]
2026-03-09 22:07:30,030 - __main__ - INFO - PCA 降维完成，保留 4 个主成分
2026-03-09 22:07:30,030 - utils.train_pca - INFO - 累计贡献率: [0.45666957 0.7164995  0.91836004 0.9748656 ]
2026-03-09 22:07:30,031 - __main__ - INFO - 累计方差贡献率: 0.9749
2026-03-09 22:07:30,033 - utils.train_pca - INFO - 模型已保存到: D:\Code\Python\GraduationProject\models
2026-03-09 22:07:30,033 - utils.train_pca - INFO - PCA 模型: D:\Code\Python\GraduationProject\models\pca_model.pkl
2026-03-09 22:07:30,033 - __main__ - INFO - 模型已保存到: D:\Code\Python\GraduationProject\models
2026-03-09 22:07:30,033 - utils.train_pca - INFO - 标准化模型: D:\Code\Python\GraduationProject\models\scaler.pkl
2026-03-09 22:07:30,034 - __main__ - INFO - 将PCA结果保存到数据库...
2026-03-09 22:07:30,035 - database.db_manager - INFO - 数据库表创建/检查完成
2026-03-09 22:07:30,035 - database.db_manager - INFO - 数据库表创建/检查完成
2026-03-09 22:07:30,036 - database.db_manager - INFO - 数据库管理器初始化完成，路径: database/fault_data.db
2026-03-09 22:07:30,091 - utils.train_pca - INFO - 已清空 fusion_features 表
2026-03-09 22:07:30,092 - __main__ - INFO - 已清空 fusion_features 表
2026-03-09 22:07:30,119 - utils.train_pca - INFO - 成功将 570 条PCA结果保存到数据库
2026-03-09 22:07:30,120 - __main__ - INFO - 成功将 570 条PCA结果保存到数据库
2026-03-09 22:07:30,121 - __main__ - INFO - PCA降维训练完成
2026-03-09 22:07:31,043 - __main__ - INFO - 开始训练随机森林模型
2026-03-09 22:07:31,045 - utils.random_forest - INFO - 从数据库读取PCA降维后的数据...
2026-03-09 22:07:31,046 - __main__ - INFO - 开始训练随机森林模型
2026-03-09 22:07:31,046 - __main__ - INFO - 从数据库读取PCA降维后的数据...
2026-03-09 22:07:31,047 - database.db_manager - INFO - 数据库表创建/检查完成
2026-03-09 22:07:31,047 - database.db_manager - INFO - 数据库表创建/检查完成
2026-03-09 22:07:31,047 - database.db_manager - INFO - 数据库管理器初始化完成，路径: database/fault_data.db
2026-03-09 22:07:31,049 - utils.random_forest - INFO - 成功读取PCA降维数据，形状: (570, 3)
2026-03-09 22:07:31,058 - __main__ - INFO - 成功读取PCA降维数据，形状: (570, 3)
2026-03-09 22:07:31,072 - __main__ - INFO - 解析主成分数据...
2026-03-09 22:07:31,073 - utils.random_forest - INFO - 特征形状: (570, 4)
2026-03-09 22:07:31,073 - utils.random_forest - INFO - 多输出标签形状: (570, 2)
2026-03-09 22:07:31,073 - __main__ - INFO - 特征形状: (570, 4)
2026-03-09 22:07:31,074 - __main__ - INFO - 多输出标签形状: (570, 2)
2026-03-09 22:07:31,074 - utils.random_forest - INFO - 训练集大小: 456, 测试集大小: 114
2026-03-09 22:07:31,074 - utils.random_forest - INFO - 开始训练多输出随机森林模型...
2026-03-09 22:07:31,074 - __main__ - INFO - 训练集大小: 456, 测试集大小: 114
2026-03-09 22:07:31,075 - __main__ - INFO - 开始训练多输出随机森林模型...
2026-03-09 22:07:32,901 - utils.random_forest - INFO - 多输出随机森林模型训练完成
2026-03-09 22:07:32,901 - __main__ - INFO - 多输出随机森林模型训练完成
2026-03-09 22:07:32,902 - __main__ - INFO - 评估模型性能...
2026-03-09 22:07:33,937 - utils.random_forest - INFO - 故障类型准确率: 0.7281
2026-03-09 22:07:33,937 - utils.random_forest - INFO - 故障位置准确率: 1.0000
2026-03-09 22:07:33,937 - utils.random_forest - INFO - 综合准确率: 0.8640
2026-03-09 22:07:33,938 - __main__ - INFO - 故障类型准确率: 0.7281
2026-03-09 22:07:33,938 - __main__ - INFO - 故障位置准确率: 1.0000
2026-03-09 22:07:33,938 - __main__ - INFO - 综合准确率: 0.8640
2026-03-09 22:07:33,978 - utils.random_forest - INFO - 多输出模型已保存到: D:\Code\Python\GraduationProject\models\random_forest_multioutput_model.pkl
2026-03-09 22:07:33,979 - __main__ - INFO - 多输出模型已保存到: D:\Code\Python\GraduationProject\models\random_forest_multioutput_model.pkl
2026-03-09 22:07:33,980 - __main__ - INFO - 随机森林训练完成，准确率: 0.8640
2026-03-09 22:07:35,642 - __main__ - INFO - 通知已清空
2026-03-09 22:07:38,069 - __main__ - INFO - 开始训练随机森林模型
2026-03-09 22:07:38,071 - utils.random_forest - INFO - 从数据库读取PCA降维后的数据...
2026-03-09 22:07:38,071 - __main__ - INFO - 开始训练随机森林模型
2026-03-09 22:07:38,072 - __main__ - INFO - 从数据库读取PCA降维后的数据...
2026-03-09 22:07:38,073 - database.db_manager - INFO - 数据库表创建/检查完成
2026-03-09 22:07:38,073 - database.db_manager - INFO - 数据库表创建/检查完成
2026-03-09 22:07:38,073 - database.db_manager - INFO - 数据库管理器初始化完成，路径: database/fault_data.db
2026-03-09 22:07:38,075 - utils.random_forest - INFO - 成功读取PCA降维数据，形状: (570, 3)
2026-03-09 22:07:38,076 - __main__ - INFO - 成功读取PCA降维数据，形状: (570, 3)
2026-03-09 22:07:38,099 - __main__ - INFO - 解析主成分数据...
2026-03-09 22:07:38,099 - utils.random_forest - INFO - 特征形状: (570, 4)
2026-03-09 22:07:38,100 - utils.random_forest - INFO - 多输出标签形状: (570, 2)
2026-03-09 22:07:38,100 - __main__ - INFO - 特征形状: (570, 4)
2026-03-09 22:07:38,100 - utils.random_forest - INFO - 训练集大小: 456, 测试集大小: 114
2026-03-09 22:07:38,101 - __main__ - INFO - 多输出标签形状: (570, 2)
2026-03-09 22:07:38,101 - utils.random_forest - INFO - 开始训练多输出随机森林模型...
2026-03-09 22:07:38,101 - __main__ - INFO - 训练集大小: 456, 测试集大小: 114
2026-03-09 22:07:38,101 - __main__ - INFO - 开始训练多输出随机森林模型...
2026-03-09 22:07:39,238 - utils.random_forest - INFO - 多输出随机森林模型训练完成
2026-03-09 22:07:39,239 - __main__ - INFO - 多输出随机森林模型训练完成
2026-03-09 22:07:39,240 - __main__ - INFO - 评估模型性能...
2026-03-09 22:07:40,282 - utils.random_forest - INFO - 故障类型准确率: 0.7281
2026-03-09 22:07:40,282 - utils.random_forest - INFO - 故障位置准确率: 1.0000
2026-03-09 22:07:40,283 - utils.random_forest - INFO - 综合准确率: 0.8640
2026-03-09 22:07:40,283 - __main__ - INFO - 故障类型准确率: 0.7281
2026-03-09 22:07:40,283 - __main__ - INFO - 故障位置准确率: 1.0000
2026-03-09 22:07:40,283 - __main__ - INFO - 综合准确率: 0.8640
2026-03-09 22:07:40,323 - utils.random_forest - INFO - 多输出模型已保存到: D:\Code\Python\GraduationProject\models\random_forest_multioutput_model.pkl
2026-03-09 22:07:40,324 - __main__ - INFO - 多输出模型已保存到: D:\Code\Python\GraduationProject\models\random_forest_multioutput_model.pkl
2026-03-09 22:07:40,325 - __main__ - INFO - 随机森林训练完成，准确率: 0.8640
2026-03-09 22:12:37,715 - __main__ - INFO - 测试应用程序启动
2026-03-09 22:12:39,673 - __main__ - INFO - 开始导入数据
2026-03-09 22:12:39,677 - database.db_manager - INFO - 数据库表创建/检查完成
2026-03-09 22:12:39,677 - database.db_manager - INFO - 数据库表创建/检查完成
2026-03-09 22:12:39,677 - database.db_manager - INFO - 数据库管理器初始化完成，路径: database/fault_data.db
2026-03-09 22:12:39,901 - database.db_manager - INFO - 成功读取Excel文件: D:\Code\Python\GraduationProject\data\DGA_data.xlsx
2026-03-09 22:12:39,901 - database.db_manager - INFO - 数据形状: (570, 6)
2026-03-09 22:12:39,901 - database.db_manager - INFO - 原始列名: ['H2', 'CH4', 'C2H6', 'C2H4', 'C2H2', '故障类别']
2026-03-09 22:12:39,902 - database.db_manager - INFO - 标准化列名: ['h2', 'ch4', 'c2h6', 'c2h4', 'c2h2', '故障类别']
2026-03-09 22:12:39,902 - database.db_manager - INFO - 识别到故障类型列: 故障类别
2026-03-09 22:12:39,902 - database.db_manager - INFO - 添加故障类型列到导入列表: 故障类别
2026-03-09 22:12:39,903 - database.db_manager - INFO - 过滤后数据形状: (570, 6)
2026-03-09 22:12:39,904 - database.db_manager - WARNING - 数据库中已存在 570 条来自 DGA_data.xlsx 的数据
2026-03-09 22:12:39,904 - database.db_manager - INFO - 如需重新导入，请先手动清空oil_chromatography表
2026-03-09 22:12:39,907 - __main__ - INFO - 数据导入完成，成功导入 570 条记录
2026-03-09 22:12:40,854 - __main__ - INFO - 开始PCA降维训练
2026-03-09 22:12:40,857 - __main__ - INFO - 开始PCA降维训练
2026-03-09 22:12:40,857 - __main__ - INFO - 从数据库读取数据...
2026-03-09 22:12:40,857 - database.db_manager - INFO - 数据库表创建/检查完成
2026-03-09 22:12:40,858 - database.db_manager - INFO - 数据库表创建/检查完成
2026-03-09 22:12:40,858 - database.db_manager - INFO - 数据库管理器初始化完成，路径: database/fault_data.db
2026-03-09 22:12:40,860 - utils.train_pca - INFO - 成功从数据库读取数据，形状: (570, 7)
2026-03-09 22:12:40,860 - utils.train_pca - INFO - 数据库路径: database/fault_data.db
2026-03-09 22:12:40,861 - __main__ - INFO - 成功从数据库读取数据，形状: (570, 7)
2026-03-09 22:12:40,861 - utils.train_pca - INFO - 提取特征: ['h2', 'ch4', 'c2h6', 'c2h4', 'c2h2']
2026-03-09 22:12:40,862 - utils.train_pca - INFO - 原始数据形状: (570, 5)
2026-03-09 22:12:40,862 - __main__ - INFO - 提取特征: ['h2', 'ch4', 'c2h6', 'c2h4', 'c2h2']
2026-03-09 22:12:40,862 - __main__ - INFO - 原始数据形状: (570, 5)
2026-03-09 22:12:40,863 - utils.train_pca - INFO - 数据标准化完成
2026-03-09 22:12:40,863 - __main__ - INFO - 开始数据标准化...
2026-03-09 22:12:40,864 - __main__ - INFO - 数据标准化完成
2026-03-09 22:12:40,864 - utils.train_pca - INFO - PCA 降维完成，保留 4 个主成分
2026-03-09 22:12:40,864 - __main__ - INFO - 开始PCA降维...
2026-03-09 22:12:40,864 - utils.train_pca - INFO - 方差贡献率: [0.45666957 0.25982993 0.20186054 0.05650557]
2026-03-09 22:12:40,864 - __main__ - INFO - PCA 降维完成，保留 4 个主成分
2026-03-09 22:12:40,865 - utils.train_pca - INFO - 累计贡献率: [0.45666957 0.7164995  0.91836004 0.9748656 ]
2026-03-09 22:12:40,865 - __main__ - INFO - 累计方差贡献率: 0.9749
2026-03-09 22:12:40,867 - utils.train_pca - INFO - 模型已保存到: D:\Code\Python\GraduationProject\models
2026-03-09 22:12:40,867 - utils.train_pca - INFO - PCA 模型: D:\Code\Python\GraduationProject\models\pca_model.pkl
2026-03-09 22:12:40,867 - __main__ - INFO - 模型已保存到: D:\Code\Python\GraduationProject\models
2026-03-09 22:12:40,867 - utils.train_pca - INFO - 标准化模型: D:\Code\Python\GraduationProject\models\scaler.pkl
2026-03-09 22:12:40,868 - __main__ - INFO - 将PCA结果保存到数据库...
2026-03-09 22:12:40,869 - database.db_manager - INFO - 数据库表创建/检查完成
2026-03-09 22:12:40,869 - database.db_manager - INFO - 数据库表创建/检查完成
2026-03-09 22:12:40,869 - database.db_manager - INFO - 数据库管理器初始化完成，路径: database/fault_data.db
2026-03-09 22:12:40,925 - utils.train_pca - INFO - 已清空 fusion_features 表
2026-03-09 22:12:40,926 - __main__ - INFO - 已清空 fusion_features 表
2026-03-09 22:12:40,954 - utils.train_pca - INFO - 成功将 570 条PCA结果保存到数据库
2026-03-09 22:12:40,955 - __main__ - INFO - 成功将 570 条PCA结果保存到数据库
2026-03-09 22:12:40,958 - __main__ - INFO - PCA降维训练完成
2026-03-09 22:12:47,521 - __main__ - INFO - 开始训练随机森林模型
2026-03-09 22:12:47,523 - utils.random_forest - INFO - 从数据库读取PCA降维后的数据...
2026-03-09 22:12:47,524 - __main__ - INFO - 开始训练随机森林模型
2026-03-09 22:12:47,524 - __main__ - INFO - 从数据库读取PCA降维后的数据...
2026-03-09 22:12:47,525 - database.db_manager - INFO - 数据库表创建/检查完成
2026-03-09 22:12:47,525 - database.db_manager - INFO - 数据库表创建/检查完成
2026-03-09 22:12:47,525 - database.db_manager - INFO - 数据库管理器初始化完成，路径: database/fault_data.db
2026-03-09 22:12:47,527 - utils.random_forest - INFO - 成功读取PCA降维数据，形状: (570, 3)
2026-03-09 22:12:47,527 - __main__ - INFO - 成功读取PCA降维数据，形状: (570, 3)
2026-03-09 22:12:47,551 - __main__ - INFO - 解析主成分数据...
2026-03-09 22:12:47,551 - utils.random_forest - INFO - 特征形状: (570, 4)
2026-03-09 22:12:47,551 - utils.random_forest - INFO - 多输出标签形状: (570, 2)
2026-03-09 22:12:47,551 - __main__ - INFO - 特征形状: (570, 4)
2026-03-09 22:12:47,553 - __main__ - INFO - 多输出标签形状: (570, 2)
2026-03-09 22:12:47,553 - utils.random_forest - INFO - 训练集大小: 456, 测试集大小: 114
2026-03-09 22:12:47,553 - utils.random_forest - INFO - 开始训练多输出随机森林模型...
2026-03-09 22:12:47,553 - __main__ - INFO - 训练集大小: 456, 测试集大小: 114
2026-03-09 22:12:47,554 - __main__ - INFO - 开始训练多输出随机森林模型...
2026-03-09 22:12:49,276 - utils.random_forest - INFO - 多输出随机森林模型训练完成
2026-03-09 22:12:49,276 - __main__ - INFO - 多输出随机森林模型训练完成
2026-03-09 22:12:49,276 - __main__ - INFO - 评估模型性能...
2026-03-09 22:12:50,320 - utils.random_forest - INFO - 故障类型准确率: 0.7281
2026-03-09 22:12:50,321 - utils.random_forest - INFO - 故障位置准确率: 1.0000
2026-03-09 22:12:50,321 - utils.random_forest - INFO - 综合准确率: 0.8640
2026-03-09 22:12:50,321 - __main__ - INFO - 故障类型准确率: 0.7281
2026-03-09 22:12:50,321 - __main__ - INFO - 故障位置准确率: 1.0000
2026-03-09 22:12:50,322 - __main__ - INFO - 综合准确率: 0.8640
2026-03-09 22:12:50,360 - utils.random_forest - INFO - 多输出模型已保存到: D:\Code\Python\GraduationProject\models\random_forest_multioutput_model.pkl
2026-03-09 22:12:50,361 - __main__ - INFO - 多输出模型已保存到: D:\Code\Python\GraduationProject\models\random_forest_multioutput_model.pkl
2026-03-09 22:12:50,364 - __main__ - INFO - 随机森林训练完成，准确率: 0.8640
2026-03-09 22:12:57,522 - __main__ - INFO - 开始训练随机森林模型
2026-03-09 22:12:57,524 - utils.random_forest - INFO - 从数据库读取PCA降维后的数据...
2026-03-09 22:12:57,525 - database.db_manager - INFO - 数据库表创建/检查完成
2026-03-09 22:12:57,526 - __main__ - INFO - 开始训练随机森林模型
2026-03-09 22:12:57,526 - database.db_manager - INFO - 数据库表创建/检查完成
2026-03-09 22:12:57,526 - __main__ - INFO - 从数据库读取PCA降维后的数据...
2026-03-09 22:12:57,526 - database.db_manager - INFO - 数据库管理器初始化完成，路径: database/fault_data.db
2026-03-09 22:12:57,528 - utils.random_forest - INFO - 成功读取PCA降维数据，形状: (570, 3)
2026-03-09 22:12:57,549 - __main__ - INFO - 成功读取PCA降维数据，形状: (570, 3)
2026-03-09 22:12:57,555 - utils.random_forest - INFO - 特征形状: (570, 4)
2026-03-09 22:12:57,555 - __main__ - INFO - 解析主成分数据...
2026-03-09 22:12:57,555 - utils.random_forest - INFO - 多输出标签形状: (570, 2)
2026-03-09 22:12:57,555 - __main__ - INFO - 特征形状: (570, 4)
2026-03-09 22:12:57,556 - __main__ - INFO - 多输出标签形状: (570, 2)
2026-03-09 22:12:57,556 - utils.random_forest - INFO - 训练集大小: 456, 测试集大小: 114
2026-03-09 22:12:57,556 - utils.random_forest - INFO - 开始训练多输出随机森林模型...
2026-03-09 22:12:57,556 - __main__ - INFO - 训练集大小: 456, 测试集大小: 114
2026-03-09 22:12:57,557 - __main__ - INFO - 开始训练多输出随机森林模型...
2026-03-09 22:12:58,674 - utils.random_forest - INFO - 多输出随机森林模型训练完成
2026-03-09 22:12:58,675 - __main__ - INFO - 多输出随机森林模型训练完成
2026-03-09 22:12:58,675 - __main__ - INFO - 评估模型性能...
2026-03-09 22:12:59,700 - utils.random_forest - INFO - 故障类型准确率: 0.7281
2026-03-09 22:12:59,700 - utils.random_forest - INFO - 故障位置准确率: 1.0000
2026-03-09 22:12:59,701 - utils.random_forest - INFO - 综合准确率: 0.8640
2026-03-09 22:12:59,701 - __main__ - INFO - 故障类型准确率: 0.7281
2026-03-09 22:12:59,701 - __main__ - INFO - 故障位置准确率: 1.0000
2026-03-09 22:12:59,701 - __main__ - INFO - 综合准确率: 0.8640
2026-03-09 22:12:59,739 - utils.random_forest - INFO - 多输出模型已保存到: D:\Code\Python\GraduationProject\models\random_forest_multioutput_model.pkl
2026-03-09 22:12:59,740 - __main__ - INFO - 多输出模型已保存到: D:\Code\Python\GraduationProject\models\random_forest_multioutput_model.pkl
2026-03-09 22:12:59,742 - __main__ - INFO - 随机森林训练完成，准确率: 0.8640
2026-03-09 22:13:02,605 - __main__ - INFO - 通知已清空
2026-03-09 22:13:04,672 - __main__ - INFO - 开始训练随机森林模型
2026-03-09 22:13:04,674 - utils.random_forest - INFO - 从数据库读取PCA降维后的数据...
2026-03-09 22:13:04,675 - __main__ - INFO - 开始训练随机森林模型
2026-03-09 22:13:04,675 - __main__ - INFO - 从数据库读取PCA降维后的数据...
2026-03-09 22:13:04,675 - database.db_manager - INFO - 数据库表创建/检查完成
2026-03-09 22:13:04,675 - database.db_manager - INFO - 数据库表创建/检查完成
2026-03-09 22:13:04,675 - database.db_manager - INFO - 数据库管理器初始化完成，路径: database/fault_data.db
2026-03-09 22:13:04,677 - utils.random_forest - INFO - 成功读取PCA降维数据，形状: (570, 3)
2026-03-09 22:13:04,683 - __main__ - INFO - 成功读取PCA降维数据，形状: (570, 3)
2026-03-09 22:13:04,702 - __main__ - INFO - 解析主成分数据...
2026-03-09 22:13:04,703 - utils.random_forest - INFO - 特征形状: (570, 4)
2026-03-09 22:13:04,703 - utils.random_forest - INFO - 多输出标签形状: (570, 2)
2026-03-09 22:13:04,703 - __main__ - INFO - 特征形状: (570, 4)
2026-03-09 22:13:04,704 - __main__ - INFO - 多输出标签形状: (570, 2)
2026-03-09 22:13:04,704 - utils.random_forest - INFO - 训练集大小: 456, 测试集大小: 114
2026-03-09 22:13:04,704 - utils.random_forest - INFO - 开始训练多输出随机森林模型...
2026-03-09 22:13:04,704 - __main__ - INFO - 训练集大小: 456, 测试集大小: 114
2026-03-09 22:13:04,705 - __main__ - INFO - 开始训练多输出随机森林模型...
2026-03-09 22:13:05,792 - utils.random_forest - INFO - 多输出随机森林模型训练完成
2026-03-09 22:13:05,792 - __main__ - INFO - 多输出随机森林模型训练完成
2026-03-09 22:13:05,792 - __main__ - INFO - 评估模型性能...
2026-03-09 22:13:06,838 - utils.random_forest - INFO - 故障类型准确率: 0.7281
2026-03-09 22:13:06,838 - utils.random_forest - INFO - 故障位置准确率: 1.0000
2026-03-09 22:13:06,839 - utils.random_forest - INFO - 综合准确率: 0.8640
2026-03-09 22:13:06,839 - __main__ - INFO - 故障类型准确率: 0.7281
2026-03-09 22:13:06,839 - __main__ - INFO - 故障位置准确率: 1.0000
2026-03-09 22:13:06,839 - __main__ - INFO - 综合准确率: 0.8640
2026-03-09 22:13:06,881 - utils.random_forest - INFO - 多输出模型已保存到: D:\Code\Python\GraduationProject\models\random_forest_multioutput_model.pkl
2026-03-09 22:13:06,882 - __main__ - INFO - 多输出模型已保存到: D:\Code\Python\GraduationProject\models\random_forest_multioutput_model.pkl
2026-03-09 22:13:06,884 - __main__ - INFO - 随机森林训练完成，准确率: 0.8640
2026-03-09 22:13:23,089 - __main__ - INFO - 测试应用程序启动
2026-03-09 22:13:25,035 - __main__ - INFO - 开始导入数据
2026-03-09 22:13:25,037 - database.db_manager - INFO - 数据库表创建/检查完成
2026-03-09 22:13:25,038 - database.db_manager - INFO - 数据库表创建/检查完成
2026-03-09 22:13:25,038 - database.db_manager - INFO - 数据库管理器初始化完成，路径: database/fault_data.db
2026-03-09 22:13:25,251 - database.db_manager - INFO - 成功读取Excel文件: D:\Code\Python\GraduationProject\data\DGA_data.xlsx
2026-03-09 22:13:25,251 - database.db_manager - INFO - 数据形状: (570, 6)
2026-03-09 22:13:25,251 - database.db_manager - INFO - 原始列名: ['H2', 'CH4', 'C2H6', 'C2H4', 'C2H2', '故障类别']
2026-03-09 22:13:25,251 - database.db_manager - INFO - 标准化列名: ['h2', 'ch4', 'c2h6', 'c2h4', 'c2h2', '故障类别']
2026-03-09 22:13:25,252 - database.db_manager - INFO - 识别到故障类型列: 故障类别
2026-03-09 22:13:25,252 - database.db_manager - INFO - 添加故障类型列到导入列表: 故障类别
2026-03-09 22:13:25,255 - database.db_manager - INFO - 过滤后数据形状: (570, 6)
2026-03-09 22:13:25,255 - database.db_manager - WARNING - 数据库中已存在 570 条来自 DGA_data.xlsx 的数据
2026-03-09 22:13:25,256 - database.db_manager - INFO - 如需重新导入，请先手动清空oil_chromatography表
2026-03-09 22:13:25,258 - __main__ - INFO - 数据导入完成，成功导入 570 条记录
2026-03-09 22:15:02,767 - __main__ - INFO - 开始导入数据
2026-03-09 22:15:02,797 - database.db_manager - INFO - 成功读取Excel文件: D:\Code\Python\GraduationProject\data\DGA_data.xlsx
2026-03-09 22:15:02,797 - database.db_manager - INFO - 数据形状: (570, 6)
2026-03-09 22:15:02,797 - database.db_manager - INFO - 原始列名: ['H2', 'CH4', 'C2H6', 'C2H4', 'C2H2', '故障类别']
2026-03-09 22:15:02,798 - database.db_manager - INFO - 标准化列名: ['h2', 'ch4', 'c2h6', 'c2h4', 'c2h2', '故障类别']
2026-03-09 22:15:02,798 - database.db_manager - INFO - 识别到故障类型列: 故障类别
2026-03-09 22:15:02,798 - database.db_manager - INFO - 添加故障类型列到导入列表: 故障类别
2026-03-09 22:15:02,800 - database.db_manager - INFO - 过滤后数据形状: (570, 6)
2026-03-09 22:15:02,801 - database.db_manager - ERROR - 导入DGA数据失败: no such table: oil_chromatography
2026-03-09 22:15:02,804 - __main__ - ERROR - 错误: no such table: oil_chromatography
2026-03-09 22:20:09,450 - __main__ - INFO - 测试应用程序启动
2026-03-09 22:20:14,003 - __main__ - INFO - 开始导入数据
2026-03-09 22:20:14,136 - database.db_manager - INFO - 数据库表创建/检查完成
2026-03-09 22:20:14,137 - database.db_manager - INFO - 数据库表创建/检查完成
2026-03-09 22:20:14,137 - database.db_manager - INFO - 数据库管理器初始化完成，路径: database/fault_data.db
2026-03-09 22:20:14,366 - database.db_manager - INFO - 成功读取Excel文件: D:\Code\Python\GraduationProject\data\DGA_data.xlsx
2026-03-09 22:20:14,366 - database.db_manager - INFO - 数据形状: (570, 6)
2026-03-09 22:20:14,366 - database.db_manager - INFO - 原始列名: ['H2', 'CH4', 'C2H6', 'C2H4', 'C2H2', '故障类别']
2026-03-09 22:20:14,367 - database.db_manager - INFO - 标准化列名: ['h2', 'ch4', 'c2h6', 'c2h4', 'c2h2', '故障类别']
2026-03-09 22:20:14,367 - database.db_manager - INFO - 识别到故障类型列: 故障类别
2026-03-09 22:20:14,367 - database.db_manager - INFO - 添加故障类型列到导入列表: 故障类别
2026-03-09 22:20:14,368 - database.db_manager - INFO - 过滤后数据形状: (570, 6)
2026-03-09 22:20:14,407 - database.db_manager - INFO - 成功导入 570 条DGA数据
2026-03-09 22:20:14,409 - __main__ - INFO - 数据导入完成，成功导入 570 条记录
2026-03-09 22:20:15,334 - __main__ - INFO - 开始PCA降维训练
2026-03-09 22:20:15,336 - __main__ - INFO - 开始PCA降维训练
2026-03-09 22:20:15,337 - __main__ - INFO - 从数据库读取数据...
2026-03-09 22:20:15,337 - database.db_manager - INFO - 数据库表创建/检查完成
2026-03-09 22:20:15,337 - database.db_manager - INFO - 数据库表创建/检查完成
2026-03-09 22:20:15,337 - database.db_manager - INFO - 数据库管理器初始化完成，路径: database/fault_data.db
2026-03-09 22:20:15,340 - utils.train_pca - INFO - 成功从数据库读取数据，形状: (570, 7)
2026-03-09 22:20:15,340 - utils.train_pca - INFO - 数据库路径: database/fault_data.db
2026-03-09 22:20:15,340 - __main__ - INFO - 成功从数据库读取数据，形状: (570, 7)
2026-03-09 22:20:15,340 - utils.train_pca - INFO - 提取特征: ['h2', 'ch4', 'c2h6', 'c2h4', 'c2h2']
2026-03-09 22:20:15,341 - utils.train_pca - INFO - 原始数据形状: (570, 5)
2026-03-09 22:20:15,341 - __main__ - INFO - 提取特征: ['h2', 'ch4', 'c2h6', 'c2h4', 'c2h2']
2026-03-09 22:20:15,341 - __main__ - INFO - 原始数据形状: (570, 5)
2026-03-09 22:20:15,342 - __main__ - INFO - 开始数据标准化...
2026-03-09 22:20:15,342 - utils.train_pca - INFO - 数据标准化完成
2026-03-09 22:20:15,343 - __main__ - INFO - 数据标准化完成
2026-03-09 22:20:15,343 - utils.train_pca - INFO - PCA 降维完成，保留 4 个主成分
2026-03-09 22:20:15,343 - __main__ - INFO - 开始PCA降维...
2026-03-09 22:20:15,343 - utils.train_pca - INFO - 方差贡献率: [0.45666957 0.25982993 0.20186054 0.05650557]
2026-03-09 22:20:15,343 - __main__ - INFO - PCA 降维完成，保留 4 个主成分
2026-03-09 22:20:15,344 - utils.train_pca - INFO - 累计贡献率: [0.45666957 0.7164995  0.91836004 0.9748656 ]
2026-03-09 22:20:15,344 - __main__ - INFO - 累计方差贡献率: 0.9749
2026-03-09 22:20:15,346 - utils.train_pca - INFO - 模型已保存到: D:\Code\Python\GraduationProject\models
2026-03-09 22:20:15,346 - utils.train_pca - INFO - PCA 模型: D:\Code\Python\GraduationProject\models\pca_model.pkl
2026-03-09 22:20:15,346 - __main__ - INFO - 模型已保存到: D:\Code\Python\GraduationProject\models
2026-03-09 22:20:15,347 - utils.train_pca - INFO - 标准化模型: D:\Code\Python\GraduationProject\models\scaler.pkl
2026-03-09 22:20:15,347 - __main__ - INFO - 将PCA结果保存到数据库...
2026-03-09 22:20:15,348 - database.db_manager - INFO - 数据库表创建/检查完成
2026-03-09 22:20:15,349 - database.db_manager - INFO - 数据库表创建/检查完成
2026-03-09 22:20:15,349 - database.db_manager - INFO - 数据库管理器初始化完成，路径: database/fault_data.db
2026-03-09 22:20:15,370 - utils.train_pca - INFO - 已清空 fusion_features 表
2026-03-09 22:20:15,370 - __main__ - INFO - 已清空 fusion_features 表
2026-03-09 22:20:15,401 - utils.train_pca - INFO - 成功将 570 条PCA结果保存到数据库
2026-03-09 22:20:15,402 - __main__ - INFO - 成功将 570 条PCA结果保存到数据库
2026-03-09 22:20:15,405 - __main__ - INFO - PCA降维训练完成
2026-03-09 22:20:17,914 - __main__ - INFO - 开始训练随机森林模型
2026-03-09 22:20:17,916 - utils.random_forest - INFO - 从数据库读取PCA降维后的数据...
2026-03-09 22:20:17,917 - __main__ - INFO - 开始训练随机森林模型
2026-03-09 22:20:17,917 - __main__ - INFO - 从数据库读取PCA降维后的数据...
2026-03-09 22:20:17,917 - database.db_manager - INFO - 数据库表创建/检查完成
2026-03-09 22:20:17,918 - database.db_manager - INFO - 数据库表创建/检查完成
2026-03-09 22:20:17,918 - database.db_manager - INFO - 数据库管理器初始化完成，路径: database/fault_data.db
2026-03-09 22:20:17,920 - utils.random_forest - INFO - 成功读取PCA降维数据，形状: (570, 3)
2026-03-09 22:20:17,938 - __main__ - INFO - 成功读取PCA降维数据，形状: (570, 3)
2026-03-09 22:20:17,944 - __main__ - INFO - 解析主成分数据...
2026-03-09 22:20:17,944 - utils.random_forest - INFO - 特征形状: (570, 4)
2026-03-09 22:20:17,944 - utils.random_forest - INFO - 多输出标签形状: (570, 2)
2026-03-09 22:20:17,945 - __main__ - INFO - 特征形状: (570, 4)
2026-03-09 22:20:17,945 - __main__ - INFO - 多输出标签形状: (570, 2)
2026-03-09 22:20:17,945 - utils.random_forest - INFO - 训练集大小: 456, 测试集大小: 114
2026-03-09 22:20:17,946 - utils.random_forest - INFO - 开始训练多输出随机森林模型...
2026-03-09 22:20:17,946 - __main__ - INFO - 训练集大小: 456, 测试集大小: 114
2026-03-09 22:20:17,946 - __main__ - INFO - 开始训练多输出随机森林模型...
2026-03-09 22:20:19,690 - utils.random_forest - INFO - 多输出随机森林模型训练完成
2026-03-09 22:20:19,690 - __main__ - INFO - 多输出随机森林模型训练完成
2026-03-09 22:20:19,691 - __main__ - INFO - 评估模型性能...
2026-03-09 22:20:20,755 - utils.random_forest - INFO - 故障类型准确率: 0.7281
2026-03-09 22:20:20,756 - utils.random_forest - INFO - 故障位置准确率: 1.0000
2026-03-09 22:20:20,756 - utils.random_forest - INFO - 综合准确率: 0.8640
2026-03-09 22:20:20,756 - __main__ - INFO - 故障类型准确率: 0.7281
2026-03-09 22:20:20,757 - __main__ - INFO - 故障位置准确率: 1.0000
2026-03-09 22:20:20,757 - __main__ - INFO - 综合准确率: 0.8640
2026-03-09 22:20:20,795 - utils.random_forest - INFO - 多输出模型已保存到: D:\Code\Python\GraduationProject\models\random_forest_multioutput_model.pkl
2026-03-09 22:20:20,795 - __main__ - INFO - 多输出模型已保存到: D:\Code\Python\GraduationProject\models\random_forest_multioutput_model.pkl
2026-03-09 22:20:20,798 - __main__ - INFO - 随机森林训练完成，准确率: 0.8640
2026-03-09 22:24:05,087 - __main__ - INFO - 测试应用程序启动
2026-03-09 22:24:28,113 - __main__ - INFO - ++=============窗口初始化完成，最近启动时间：2026-03-09 22:24:28=============++
2026-03-09 22:26:18,670 - __main__ - INFO - 测试应用程序启动
2026-03-09 22:26:20,638 - __main__ - INFO - 开始导入数据
2026-03-09 22:26:20,641 - database.db_manager - INFO - 数据库表创建/检查完成
2026-03-09 22:26:20,641 - database.db_manager - INFO - 数据库表创建/检查完成
2026-03-09 22:26:20,641 - database.db_manager - INFO - 数据库管理器初始化完成，路径: database/fault_data.db
2026-03-09 22:26:20,874 - database.db_manager - INFO - 成功读取Excel文件: D:\Code\Python\GraduationProject\data\DGA_data.xlsx
2026-03-09 22:26:20,874 - database.db_manager - INFO - 数据形状: (570, 6)
2026-03-09 22:26:20,875 - database.db_manager - INFO - 原始列名: ['H2', 'CH4', 'C2H6', 'C2H4', 'C2H2', '故障类别']
2026-03-09 22:26:20,875 - database.db_manager - INFO - 标准化列名: ['h2', 'ch4', 'c2h6', 'c2h4', 'c2h2', '故障类别']
2026-03-09 22:26:20,875 - database.db_manager - INFO - 识别到故障类型列: 故障类别
2026-03-09 22:26:20,876 - database.db_manager - INFO - 添加故障类型列到导入列表: 故障类别
2026-03-09 22:26:20,877 - database.db_manager - INFO - 过滤后数据形状: (570, 6)
2026-03-09 22:26:20,878 - database.db_manager - WARNING - 数据库中已存在 570 条来自 DGA_data.xlsx 的数据
2026-03-09 22:26:20,878 - database.db_manager - INFO - 如需重新导入，请先手动清空oil_chromatography表
2026-03-09 22:26:20,880 - __main__ - INFO - 数据导入完成，成功导入 570 条记录
2026-03-09 22:26:24,952 - __main__ - INFO - 开始PCA降维训练
2026-03-09 22:26:24,970 - __main__ - INFO - 开始PCA降维训练
2026-03-09 22:26:24,971 - database.db_manager - INFO - 数据库表创建/检查完成
2026-03-09 22:26:24,972 - __main__ - INFO - 从数据库读取数据...
2026-03-09 22:26:24,976 - database.db_manager - INFO - 数据库表创建/检查完成
2026-03-09 22:26:24,988 - database.db_manager - INFO - 数据库管理器初始化完成，路径: database/fault_data.db
2026-03-09 22:26:24,993 - utils.train_pca - INFO - 成功从数据库读取数据，形状: (570, 7)
2026-03-09 22:26:24,998 - utils.train_pca - INFO - 数据库路径: database/fault_data.db
2026-03-09 22:26:24,998 - __main__ - INFO - 成功从数据库读取数据，形状: (570, 7)
2026-03-09 22:26:25,001 - utils.train_pca - INFO - 提取特征: ['h2', 'ch4', 'c2h6', 'c2h4', 'c2h2']
2026-03-09 22:26:25,001 - utils.train_pca - INFO - 原始数据形状: (570, 5)
2026-03-09 22:26:25,001 - __main__ - INFO - 提取特征: ['h2', 'ch4', 'c2h6', 'c2h4', 'c2h2']
2026-03-09 22:26:25,002 - utils.train_pca - INFO - 数据标准化完成
2026-03-09 22:26:25,003 - __main__ - INFO - 原始数据形状: (570, 5)
2026-03-09 22:26:25,004 - __main__ - INFO - 开始数据标准化...
2026-03-09 22:26:25,004 - utils.train_pca - INFO - PCA 降维完成，保留 4 个主成分
2026-03-09 22:26:25,004 - __main__ - INFO - 数据标准化完成
2026-03-09 22:26:25,004 - utils.train_pca - INFO - 方差贡献率: [0.45666957 0.25982993 0.20186054 0.05650557]
2026-03-09 22:26:25,004 - __main__ - INFO - 开始PCA降维...
2026-03-09 22:26:25,005 - utils.train_pca - INFO - 累计贡献率: [0.45666957 0.7164995  0.91836004 0.9748656 ]
2026-03-09 22:26:25,005 - __main__ - INFO - PCA 降维完成，保留 4 个主成分
2026-03-09 22:26:25,005 - __main__ - INFO - 累计方差贡献率: 0.9749
2026-03-09 22:26:25,007 - utils.train_pca - INFO - 模型已保存到: D:\Code\Python\GraduationProject\models
2026-03-09 22:26:25,008 - utils.train_pca - INFO - PCA 模型: D:\Code\Python\GraduationProject\models\pca_model.pkl
2026-03-09 22:26:25,008 - __main__ - INFO - 模型已保存到: D:\Code\Python\GraduationProject\models
2026-03-09 22:26:25,008 - utils.train_pca - INFO - 标准化模型: D:\Code\Python\GraduationProject\models\scaler.pkl
2026-03-09 22:26:25,008 - __main__ - INFO - 将PCA结果保存到数据库...
2026-03-09 22:26:25,009 - database.db_manager - INFO - 数据库表创建/检查完成
2026-03-09 22:26:25,009 - database.db_manager - INFO - 数据库表创建/检查完成
2026-03-09 22:26:25,010 - database.db_manager - INFO - 数据库管理器初始化完成，路径: database/fault_data.db
2026-03-09 22:26:25,074 - utils.train_pca - INFO - 已清空 fusion_features 表
2026-03-09 22:26:25,075 - __main__ - INFO - 已清空 fusion_features 表
2026-03-09 22:26:25,105 - utils.train_pca - INFO - 成功将 570 条PCA结果保存到数据库
2026-03-09 22:26:25,106 - __main__ - INFO - 成功将 570 条PCA结果保存到数据库
2026-03-09 22:26:25,109 - __main__ - INFO - PCA降维训练完成
2026-03-09 22:26:31,348 - __main__ - INFO - 开始训练随机森林模型
2026-03-09 22:26:31,350 - utils.random_forest - INFO - 从数据库读取PCA降维后的数据...
2026-03-09 22:26:31,351 - __main__ - INFO - 开始训练随机森林模型
2026-03-09 22:26:31,351 - __main__ - INFO - 从数据库读取PCA降维后的数据...
2026-03-09 22:26:31,351 - database.db_manager - INFO - 数据库表创建/检查完成
2026-03-09 22:26:31,351 - database.db_manager - INFO - 数据库表创建/检查完成
2026-03-09 22:26:31,352 - database.db_manager - INFO - 数据库管理器初始化完成，路径: database/fault_data.db
2026-03-09 22:26:31,353 - utils.random_forest - INFO - 成功读取PCA降维数据，形状: (570, 3)
2026-03-09 22:26:31,372 - __main__ - INFO - 成功读取PCA降维数据，形状: (570, 3)
2026-03-09 22:26:31,383 - utils.random_forest - INFO - 特征形状: (570, 4)
2026-03-09 22:26:31,383 - __main__ - INFO - 解析主成分数据...
2026-03-09 22:26:31,384 - utils.random_forest - INFO - 多输出标签形状: (570, 2)
2026-03-09 22:26:31,384 - __main__ - INFO - 特征形状: (570, 4)
2026-03-09 22:26:31,385 - __main__ - INFO - 多输出标签形状: (570, 2)
2026-03-09 22:26:31,385 - utils.random_forest - INFO - 训练集大小: 456, 测试集大小: 114
2026-03-09 22:26:31,385 - utils.random_forest - INFO - 开始训练多输出随机森林模型...
2026-03-09 22:26:31,385 - __main__ - INFO - 训练集大小: 456, 测试集大小: 114
2026-03-09 22:26:31,386 - __main__ - INFO - 开始训练多输出随机森林模型...
2026-03-09 22:26:33,102 - utils.random_forest - INFO - 多输出随机森林模型训练完成
2026-03-09 22:26:33,102 - __main__ - INFO - 多输出随机森林模型训练完成
2026-03-09 22:26:33,103 - __main__ - INFO - 评估模型性能...
2026-03-09 22:26:34,149 - utils.random_forest - INFO - 故障类型准确率: 0.7281
2026-03-09 22:26:34,150 - utils.random_forest - INFO - 故障位置准确率: 1.0000
2026-03-09 22:26:34,150 - utils.random_forest - INFO - 综合准确率: 0.8640
2026-03-09 22:26:34,150 - __main__ - INFO - 故障类型准确率: 0.7281
2026-03-09 22:26:34,150 - __main__ - INFO - 故障位置准确率: 1.0000
2026-03-09 22:26:34,151 - __main__ - INFO - 综合准确率: 0.8640
2026-03-09 22:26:34,192 - utils.random_forest - INFO - 多输出模型已保存到: D:\Code\Python\GraduationProject\models\random_forest_multioutput_model.pkl
2026-03-09 22:26:34,193 - __main__ - INFO - 多输出模型生成成功！
2026-03-09 22:26:34,195 - __main__ - INFO - 随机森林训练完成，准确率: 0.8640
2026-03-09 22:28:35,088 - __main__ - INFO - 测试应用程序启动
2026-03-09 22:28:36,651 - __main__ - INFO - 开始导入数据
2026-03-09 22:28:36,654 - database.db_manager - INFO - 数据库表创建/检查完成
2026-03-09 22:28:36,654 - database.db_manager - INFO - 数据库表创建/检查完成
2026-03-09 22:28:36,655 - database.db_manager - INFO - 数据库管理器初始化完成，路径: database/fault_data.db
2026-03-09 22:28:36,868 - database.db_manager - INFO - 成功读取Excel文件: D:\Code\Python\GraduationProject\data\DGA_data.xlsx
2026-03-09 22:28:36,868 - database.db_manager - INFO - 数据形状: (570, 6)
2026-03-09 22:28:36,868 - database.db_manager - INFO - 原始列名: ['H2', 'CH4', 'C2H6', 'C2H4', 'C2H2', '故障类别']
2026-03-09 22:28:36,869 - database.db_manager - INFO - 标准化列名: ['h2', 'ch4', 'c2h6', 'c2h4', 'c2h2', '故障类别']
2026-03-09 22:28:36,869 - database.db_manager - INFO - 识别到故障类型列: 故障类别
2026-03-09 22:28:36,870 - database.db_manager - INFO - 添加故障类型列到导入列表: 故障类别
2026-03-09 22:28:36,871 - database.db_manager - INFO - 过滤后数据形状: (570, 6)
2026-03-09 22:28:36,872 - database.db_manager - WARNING - 数据库中已存在 570 条来自 DGA_data.xlsx 的数据
2026-03-09 22:28:36,872 - database.db_manager - INFO - 如需重新导入，请先手动清空oil_chromatography表
2026-03-09 22:28:36,875 - __main__ - INFO - 数据导入完成，成功导入 570 条记录
2026-03-09 22:28:40,192 - __main__ - INFO - 通知已清空
2026-03-09 22:28:42,399 - __main__ - INFO - 开始训练随机森林模型
2026-03-09 22:28:42,401 - utils.random_forest - INFO - 从数据库读取PCA降维后的数据...
2026-03-09 22:28:42,402 - database.db_manager - INFO - 数据库表创建/检查完成
2026-03-09 22:28:42,402 - __main__ - INFO - 开始训练随机森林模型
2026-03-09 22:28:42,403 - database.db_manager - INFO - 数据库表创建/检查完成
2026-03-09 22:28:42,403 - __main__ - INFO - 从数据库读取PCA降维后的数据...
2026-03-09 22:28:42,403 - database.db_manager - INFO - 数据库管理器初始化完成，路径: database/fault_data.db
2026-03-09 22:28:42,405 - utils.random_forest - INFO - 成功读取PCA降维数据，形状: (570, 3)
2026-03-09 22:28:42,405 - __main__ - INFO - 成功读取PCA降维数据，形状: (570, 3)
2026-03-09 22:28:42,405 - __main__ - INFO - 解析主成分数据...
2026-03-09 22:28:42,451 - utils.random_forest - INFO - 特征形状: (570, 4)
2026-03-09 22:28:42,460 - utils.random_forest - INFO - 多输出标签形状: (570, 2)
2026-03-09 22:28:42,460 - __main__ - INFO - 特征形状: (570, 4)
2026-03-09 22:28:42,465 - utils.random_forest - INFO - 训练集大小: 456, 测试集大小: 114
2026-03-09 22:28:42,465 - __main__ - INFO - 多输出标签形状: (570, 2)
2026-03-09 22:28:42,471 - utils.random_forest - INFO - 开始训练多输出随机森林模型...
2026-03-09 22:28:42,478 - __main__ - INFO - 训练集大小: 456, 测试集大小: 114
2026-03-09 22:28:42,490 - __main__ - INFO - 开始训练多输出随机森林模型...
2026-03-09 22:28:44,731 - utils.random_forest - INFO - 多输出随机森林模型训练完成
2026-03-09 22:28:44,732 - __main__ - INFO - 多输出随机森林模型训练完成
2026-03-09 22:28:44,732 - __main__ - INFO - 评估模型性能...
2026-03-09 22:28:46,129 - utils.random_forest - INFO - 故障类型准确率: 0.7281
2026-03-09 22:28:46,130 - utils.random_forest - INFO - 故障位置准确率: 1.0000
2026-03-09 22:28:46,130 - utils.random_forest - INFO - 综合准确率: 0.8640
2026-03-09 22:28:46,130 - __main__ - INFO - 故障类型准确率: 0.7281
2026-03-09 22:28:46,130 - __main__ - INFO - 故障位置准确率: 1.0000
2026-03-09 22:28:46,130 - __main__ - INFO - 综合准确率: 0.8640
2026-03-09 22:28:46,167 - utils.random_forest - INFO - 多输出模型已保存到: D:\Code\Python\GraduationProject\models\random_forest_multioutput_model.pkl
2026-03-09 22:28:46,168 - __main__ - INFO - 多输出模型生成成功！
2026-03-09 22:28:46,170 - __main__ - INFO - 随机森林训练完成，准确率: 0.8640
2026-03-09 22:28:54,974 - __main__ - INFO - 开始导入数据
2026-03-09 22:28:55,006 - database.db_manager - INFO - 成功读取Excel文件: D:\Code\Python\GraduationProject\data\DGA_data.xlsx
2026-03-09 22:28:55,007 - database.db_manager - INFO - 数据形状: (570, 6)
2026-03-09 22:28:55,007 - database.db_manager - INFO - 原始列名: ['H2', 'CH4', 'C2H6', 'C2H4', 'C2H2', '故障类别']
2026-03-09 22:28:55,007 - database.db_manager - INFO - 标准化列名: ['h2', 'ch4', 'c2h6', 'c2h4', 'c2h2', '故障类别']
2026-03-09 22:28:55,008 - database.db_manager - INFO - 识别到故障类型列: 故障类别
2026-03-09 22:28:55,008 - database.db_manager - INFO - 添加故障类型列到导入列表: 故障类别
2026-03-09 22:28:55,009 - database.db_manager - INFO - 过滤后数据形状: (570, 6)
2026-03-09 22:28:55,010 - database.db_manager - WARNING - 数据库中已存在 570 条来自 DGA_data.xlsx 的数据
2026-03-09 22:28:55,010 - database.db_manager - INFO - 如需重新导入，请先手动清空oil_chromatography表
2026-03-09 22:28:55,013 - __main__ - INFO - 数据导入完成，成功导入 570 条记录
2026-03-09 22:28:56,636 - __main__ - INFO - 开始训练随机森林模型
2026-03-09 22:28:56,637 - utils.random_forest - INFO - 从数据库读取PCA降维后的数据...
2026-03-09 22:28:56,638 - database.db_manager - INFO - 数据库表创建/检查完成
2026-03-09 22:28:56,639 - __main__ - INFO - 开始训练随机森林模型
2026-03-09 22:28:56,639 - database.db_manager - INFO - 数据库表创建/检查完成
2026-03-09 22:28:56,639 - __main__ - INFO - 从数据库读取PCA降维后的数据...
2026-03-09 22:28:56,639 - database.db_manager - INFO - 数据库管理器初始化完成，路径: database/fault_data.db
2026-03-09 22:28:56,641 - utils.random_forest - INFO - 成功读取PCA降维数据，形状: (570, 3)
2026-03-09 22:28:56,670 - __main__ - INFO - 成功读取PCA降维数据，形状: (570, 3)
2026-03-09 22:28:56,680 - utils.random_forest - INFO - 特征形状: (570, 4)
2026-03-09 22:28:56,681 - __main__ - INFO - 解析主成分数据...
2026-03-09 22:28:56,681 - utils.random_forest - INFO - 多输出标签形状: (570, 2)
2026-03-09 22:28:56,681 - __main__ - INFO - 特征形状: (570, 4)
2026-03-09 22:28:56,682 - __main__ - INFO - 多输出标签形状: (570, 2)
2026-03-09 22:28:56,682 - utils.random_forest - INFO - 训练集大小: 456, 测试集大小: 114
2026-03-09 22:28:56,682 - utils.random_forest - INFO - 开始训练多输出随机森林模型...
2026-03-09 22:28:56,682 - __main__ - INFO - 训练集大小: 456, 测试集大小: 114
2026-03-09 22:28:56,683 - __main__ - INFO - 开始训练多输出随机森林模型...
2026-03-09 22:28:58,171 - utils.random_forest - INFO - 多输出随机森林模型训练完成
2026-03-09 22:28:58,172 - __main__ - INFO - 多输出随机森林模型训练完成
2026-03-09 22:28:58,172 - __main__ - INFO - 评估模型性能...
2026-03-09 22:28:59,563 - utils.random_forest - INFO - 故障类型准确率: 0.7281
2026-03-09 22:28:59,563 - utils.random_forest - INFO - 故障位置准确率: 1.0000
2026-03-09 22:28:59,563 - utils.random_forest - INFO - 综合准确率: 0.8640
2026-03-09 22:28:59,564 - __main__ - INFO - 故障类型准确率: 0.7281
2026-03-09 22:28:59,564 - __main__ - INFO - 故障位置准确率: 1.0000
2026-03-09 22:28:59,564 - __main__ - INFO - 综合准确率: 0.8640
2026-03-09 22:28:59,602 - utils.random_forest - INFO - 多输出模型已保存到: D:\Code\Python\GraduationProject\models\random_forest_multioutput_model.pkl
2026-03-09 22:28:59,603 - __main__ - INFO - 多输出模型生成成功！
2026-03-09 22:28:59,605 - __main__ - INFO - 随机森林训练完成，准确率: 0.8640
2026-03-09 22:29:02,315 - __main__ - INFO - 开始PCA降维训练
2026-03-09 22:29:02,318 - database.db_manager - INFO - 数据库表创建/检查完成
2026-03-09 22:29:02,318 - database.db_manager - INFO - 数据库表创建/检查完成
2026-03-09 22:29:02,318 - database.db_manager - INFO - 数据库管理器初始化完成，路径: database/fault_data.db
2026-03-09 22:29:02,318 - __main__ - INFO - 开始PCA降维训练
2026-03-09 22:29:02,319 - __main__ - INFO - 从数据库读取数据...
2026-03-09 22:29:02,321 - utils.train_pca - INFO - 成功从数据库读取数据，形状: (570, 7)
2026-03-09 22:29:02,321 - utils.train_pca - INFO - 数据库路径: database/fault_data.db
2026-03-09 22:29:02,321 - __main__ - INFO - 成功从数据库读取数据，形状: (570, 7)
2026-03-09 22:29:02,322 - utils.train_pca - INFO - 提取特征: ['h2', 'ch4', 'c2h6', 'c2h4', 'c2h2']
2026-03-09 22:29:02,322 - utils.train_pca - INFO - 原始数据形状: (570, 5)
2026-03-09 22:29:02,322 - __main__ - INFO - 提取特征: ['h2', 'ch4', 'c2h6', 'c2h4', 'c2h2']
2026-03-09 22:29:02,323 - __main__ - INFO - 原始数据形状: (570, 5)
2026-03-09 22:29:02,323 - __main__ - INFO - 开始数据标准化...
2026-03-09 22:29:02,323 - utils.train_pca - INFO - 数据标准化完成
2026-03-09 22:29:02,324 - __main__ - INFO - 数据标准化完成
2026-03-09 22:29:02,324 - __main__ - INFO - 开始PCA降维...
2026-03-09 22:29:02,325 - utils.train_pca - INFO - PCA 降维完成，保留 4 个主成分
2026-03-09 22:29:02,325 - utils.train_pca - INFO - 方差贡献率: [0.45666957 0.25982993 0.20186054 0.05650557]
2026-03-09 22:29:02,325 - __main__ - INFO - PCA 降维完成，保留 4 个主成分
2026-03-09 22:29:02,325 - utils.train_pca - INFO - 累计贡献率: [0.45666957 0.7164995  0.91836004 0.9748656 ]
2026-03-09 22:29:02,326 - __main__ - INFO - 累计方差贡献率: 0.9749
2026-03-09 22:29:02,328 - utils.train_pca - INFO - 模型已保存到: D:\Code\Python\GraduationProject\models
2026-03-09 22:29:02,328 - utils.train_pca - INFO - PCA 模型: D:\Code\Python\GraduationProject\models\pca_model.pkl
2026-03-09 22:29:02,328 - __main__ - INFO - 模型已保存到: D:\Code\Python\GraduationProject\models
2026-03-09 22:29:02,328 - utils.train_pca - INFO - 标准化模型: D:\Code\Python\GraduationProject\models\scaler.pkl
2026-03-09 22:29:02,328 - __main__ - INFO - 将PCA结果保存到数据库...
2026-03-09 22:29:02,330 - database.db_manager - INFO - 数据库表创建/检查完成
2026-03-09 22:29:02,330 - database.db_manager - INFO - 数据库表创建/检查完成
2026-03-09 22:29:02,330 - database.db_manager - INFO - 数据库管理器初始化完成，路径: database/fault_data.db
2026-03-09 22:29:02,334 - utils.train_pca - INFO - 已清空 fusion_features 表
2026-03-09 22:29:02,335 - __main__ - INFO - 已清空 fusion_features 表
2026-03-09 22:29:02,342 - utils.train_pca - INFO - 成功将 570 条PCA结果保存到数据库
2026-03-09 22:29:02,343 - __main__ - INFO - 成功将 570 条PCA结果保存到数据库
2026-03-09 22:29:02,345 - __main__ - INFO - PCA降维训练完成
2026-03-09 22:29:05,377 - __main__ - INFO - 开始PCA降维训练
2026-03-09 22:29:05,379 - database.db_manager - INFO - 数据库表创建/检查完成
2026-03-09 22:29:05,380 - database.db_manager - INFO - 数据库表创建/检查完成
2026-03-09 22:29:05,380 - __main__ - INFO - 开始PCA降维训练
2026-03-09 22:29:05,380 - database.db_manager - INFO - 数据库管理器初始化完成，路径: database/fault_data.db
2026-03-09 22:29:05,380 - __main__ - INFO - 从数据库读取数据...
2026-03-09 22:29:05,382 - utils.train_pca - INFO - 成功从数据库读取数据，形状: (570, 7)
2026-03-09 22:29:05,382 - utils.train_pca - INFO - 数据库路径: database/fault_data.db
2026-03-09 22:29:05,382 - __main__ - INFO - 成功从数据库读取数据，形状: (570, 7)
2026-03-09 22:29:05,383 - utils.train_pca - INFO - 提取特征: ['h2', 'ch4', 'c2h6', 'c2h4', 'c2h2']
2026-03-09 22:29:05,383 - utils.train_pca - INFO - 原始数据形状: (570, 5)
2026-03-09 22:29:05,383 - __main__ - INFO - 提取特征: ['h2', 'ch4', 'c2h6', 'c2h4', 'c2h2']
2026-03-09 22:29:05,384 - __main__ - INFO - 原始数据形状: (570, 5)
2026-03-09 22:29:05,384 - __main__ - INFO - 开始数据标准化...
2026-03-09 22:29:05,385 - utils.train_pca - INFO - 数据标准化完成
2026-03-09 22:29:05,385 - __main__ - INFO - 数据标准化完成
2026-03-09 22:29:05,385 - utils.train_pca - INFO - PCA 降维完成，保留 4 个主成分
2026-03-09 22:29:05,386 - __main__ - INFO - 开始PCA降维...
2026-03-09 22:29:05,386 - utils.train_pca - INFO - 方差贡献率: [0.45666957 0.25982993 0.20186054 0.05650557]
2026-03-09 22:29:05,386 - __main__ - INFO - PCA 降维完成，保留 4 个主成分
2026-03-09 22:29:05,386 - utils.train_pca - INFO - 累计贡献率: [0.45666957 0.7164995  0.91836004 0.9748656 ]
2026-03-09 22:29:05,387 - __main__ - INFO - 累计方差贡献率: 0.9749
2026-03-09 22:29:05,389 - utils.train_pca - INFO - 模型已保存到: D:\Code\Python\GraduationProject\models
2026-03-09 22:29:05,389 - utils.train_pca - INFO - PCA 模型: D:\Code\Python\GraduationProject\models\pca_model.pkl
2026-03-09 22:29:05,389 - __main__ - INFO - 模型已保存到: D:\Code\Python\GraduationProject\models
2026-03-09 22:29:05,389 - utils.train_pca - INFO - 标准化模型: D:\Code\Python\GraduationProject\models\scaler.pkl
2026-03-09 22:29:05,390 - __main__ - INFO - 将PCA结果保存到数据库...
2026-03-09 22:29:05,390 - database.db_manager - INFO - 数据库表创建/检查完成
2026-03-09 22:29:05,391 - database.db_manager - INFO - 数据库表创建/检查完成
2026-03-09 22:29:05,391 - database.db_manager - INFO - 数据库管理器初始化完成，路径: database/fault_data.db
2026-03-09 22:29:05,396 - utils.train_pca - INFO - 已清空 fusion_features 表
2026-03-09 22:29:05,396 - __main__ - INFO - 已清空 fusion_features 表
2026-03-09 22:29:05,404 - utils.train_pca - INFO - 成功将 570 条PCA结果保存到数据库
2026-03-09 22:29:05,405 - __main__ - INFO - 成功将 570 条PCA结果保存到数据库
2026-03-09 22:29:05,408 - __main__ - INFO - PCA降维训练完成
2026-03-09 22:39:55,722 - __main__ - INFO - 测试应用程序启动
2026-03-09 22:46:18,537 - __main__ - INFO - ++=============窗口初始化完成，最近启动时间：2026-03-09 22:46:18=============++
2026-03-09 22:46:41,267 - __main__ - INFO - 测试应用程序启动
2026-03-09 22:46:42,683 - __main__ - INFO - 开始导入数据
2026-03-09 22:46:42,686 - database.db_manager - INFO - 数据库表创建/检查完成
2026-03-09 22:46:42,687 - database.db_manager - INFO - 数据库表创建/检查完成
2026-03-09 22:46:42,687 - database.db_manager - INFO - 数据库管理器初始化完成，路径: database/fault_data.db
2026-03-09 22:46:42,687 - __main__ - INFO - 开始导入数据: DGA_data.xlsx
2026-03-09 22:46:42,912 - database.db_manager - INFO - 成功读取Excel文件: D:\Code\Python\GraduationProject\data\DGA_data.xlsx
2026-03-09 22:46:42,912 - database.db_manager - INFO - 数据形状: (570, 6)
2026-03-09 22:46:42,913 - __main__ - INFO - 成功读取Excel文件: DGA_data.xlsx
2026-03-09 22:46:42,913 - database.db_manager - INFO - 原始列名: ['H2', 'CH4', 'C2H6', 'C2H4', 'C2H2', '故障类别']
2026-03-09 22:46:42,913 - __main__ - INFO - 数据形状: (570, 6)
2026-03-09 22:46:42,914 - database.db_manager - INFO - 标准化列名: ['h2', 'ch4', 'c2h6', 'c2h4', 'c2h2', '故障类别']
2026-03-09 22:46:42,915 - database.db_manager - INFO - 识别到故障类型列: 故障类别
2026-03-09 22:46:42,915 - database.db_manager - INFO - 添加故障类型列到导入列表: 故障类别
2026-03-09 22:46:42,917 - database.db_manager - INFO - 过滤后数据形状: (570, 6)
2026-03-09 22:46:42,917 - __main__ - INFO - 过滤后数据形状: (570, 6)
2026-03-09 22:46:42,918 - database.db_manager - WARNING - 数据库中已存在 570 条来自 DGA_data.xlsx 的数据
2026-03-09 22:46:42,918 - database.db_manager - INFO - 如需重新导入，请先手动清空oil_chromatography表
2026-03-09 22:46:42,918 - __main__ - INFO - 数据库中已存在 570 条来自 DGA_data.xlsx 的数据
2026-03-09 22:46:42,920 - __main__ - INFO - 数据导入完成，成功导入 570 条记录
2026-03-09 22:46:44,950 - __main__ - INFO - 开始PCA降维训练
2026-03-09 22:46:44,952 - database.db_manager - INFO - 数据库表创建/检查完成
2026-03-09 22:46:44,953 - __main__ - INFO - 开始PCA降维训练
2026-03-09 22:46:44,953 - database.db_manager - INFO - 数据库表创建/检查完成
2026-03-09 22:46:44,953 - __main__ - INFO - 从数据库读取数据...
2026-03-09 22:46:44,953 - database.db_manager - INFO - 数据库管理器初始化完成，路径: database/fault_data.db
2026-03-09 22:46:44,955 - utils.train_pca - INFO - 成功从数据库读取数据，形状: (570, 7)
2026-03-09 22:46:44,955 - utils.train_pca - INFO - 数据库路径: database/fault_data.db
2026-03-09 22:46:44,956 - __main__ - INFO - 成功从数据库读取数据，形状: (570, 7)
2026-03-09 22:46:44,956 - utils.train_pca - INFO - 提取特征: ['h2', 'ch4', 'c2h6', 'c2h4', 'c2h2']
2026-03-09 22:46:44,957 - utils.train_pca - INFO - 原始数据形状: (570, 5)
2026-03-09 22:46:44,957 - __main__ - INFO - 提取特征: ['h2', 'ch4', 'c2h6', 'c2h4', 'c2h2']
2026-03-09 22:46:44,958 - __main__ - INFO - 原始数据形状: (570, 5)
2026-03-09 22:46:44,958 - utils.train_pca - INFO - 数据标准化完成
2026-03-09 22:46:44,958 - __main__ - INFO - 开始数据标准化...
2026-03-09 22:46:44,960 - __main__ - INFO - 数据标准化完成
2026-03-09 22:46:44,960 - utils.train_pca - INFO - PCA 降维完成，保留 4 个主成分
2026-03-09 22:46:44,960 - __main__ - INFO - 开始PCA降维...
2026-03-09 22:46:44,960 - utils.train_pca - INFO - 方差贡献率: [0.45666957 0.25982993 0.20186054 0.05650557]
2026-03-09 22:46:44,961 - utils.train_pca - INFO - 累计贡献率: [0.45666957 0.7164995  0.91836004 0.9748656 ]
2026-03-09 22:46:44,961 - __main__ - INFO - PCA 降维完成，保留 4 个主成分
2026-03-09 22:46:44,962 - __main__ - INFO - 累计方差贡献率: 0.9749
2026-03-09 22:46:44,963 - utils.train_pca - INFO - 模型已保存到: D:\Code\Python\GraduationProject\models
2026-03-09 22:46:44,964 - utils.train_pca - INFO - PCA 模型: D:\Code\Python\GraduationProject\models\pca_model.pkl
2026-03-09 22:46:44,964 - __main__ - INFO - 模型已保存到: D:\Code\Python\GraduationProject\models
2026-03-09 22:46:44,964 - utils.train_pca - INFO - 标准化模型: D:\Code\Python\GraduationProject\models\scaler.pkl
2026-03-09 22:46:44,965 - __main__ - INFO - 将PCA结果保存到数据库...
2026-03-09 22:46:44,966 - database.db_manager - INFO - 数据库表创建/检查完成
2026-03-09 22:46:44,966 - database.db_manager - INFO - 数据库表创建/检查完成
2026-03-09 22:46:44,966 - database.db_manager - INFO - 数据库管理器初始化完成，路径: database/fault_data.db
2026-03-09 22:46:44,971 - utils.train_pca - INFO - 已清空 fusion_features 表
2026-03-09 22:46:44,972 - __main__ - INFO - 已清空 fusion_features 表
2026-03-09 22:46:44,983 - utils.train_pca - INFO - 成功将 570 条PCA结果保存到数据库
2026-03-09 22:46:44,984 - __main__ - INFO - 成功将 570 条PCA结果保存到数据库
2026-03-09 22:46:44,987 - __main__ - INFO - PCA降维训练完成
2026-03-09 22:46:46,487 - __main__ - INFO - 开始训练随机森林模型
2026-03-09 22:46:46,489 - utils.random_forest - INFO - 从数据库读取PCA降维后的数据...
2026-03-09 22:46:46,490 - database.db_manager - INFO - 数据库表创建/检查完成
2026-03-09 22:46:46,490 - __main__ - INFO - 开始训练随机森林模型
2026-03-09 22:46:46,490 - database.db_manager - INFO - 数据库表创建/检查完成
2026-03-09 22:46:46,490 - __main__ - INFO - 从数据库读取PCA降维后的数据...
2026-03-09 22:46:46,491 - database.db_manager - INFO - 数据库管理器初始化完成，路径: database/fault_data.db
2026-03-09 22:46:46,493 - utils.random_forest - INFO - 成功读取PCA降维数据，形状: (570, 3)
2026-03-09 22:46:46,493 - __main__ - INFO - 成功读取PCA降维数据，形状: (570, 3)
2026-03-09 22:46:46,493 - __main__ - INFO - 解析主成分数据...
2026-03-09 22:46:46,545 - utils.random_forest - INFO - 特征形状: (570, 4)
2026-03-09 22:46:46,550 - utils.random_forest - INFO - 多输出标签形状: (570, 2)
2026-03-09 22:46:46,550 - __main__ - INFO - 特征形状: (570, 4)
2026-03-09 22:46:46,558 - utils.random_forest - INFO - 训练集大小: 456, 测试集大小: 114
2026-03-09 22:46:46,559 - __main__ - INFO - 多输出标签形状: (570, 2)
2026-03-09 22:46:46,564 - utils.random_forest - INFO - 开始训练多输出随机森林模型...
2026-03-09 22:46:46,576 - __main__ - INFO - 训练集大小: 456, 测试集大小: 114
2026-03-09 22:46:46,596 - __main__ - INFO - 开始训练多输出随机森林模型...
2026-03-09 22:46:48,980 - utils.random_forest - INFO - 多输出随机森林模型训练完成
2026-03-09 22:46:48,981 - __main__ - INFO - 多输出随机森林模型训练完成
2026-03-09 22:46:48,982 - __main__ - INFO - 评估模型性能...
2026-03-09 22:46:50,370 - utils.random_forest - INFO - 故障类型准确率: 0.7281
2026-03-09 22:46:50,370 - utils.random_forest - INFO - 故障位置准确率: 1.0000
2026-03-09 22:46:50,371 - utils.random_forest - INFO - 综合准确率: 0.8640
2026-03-09 22:46:50,371 - __main__ - INFO - 故障类型准确率: 0.7281
2026-03-09 22:46:50,371 - __main__ - INFO - 故障位置准确率: 1.0000
2026-03-09 22:46:50,372 - __main__ - INFO - 综合准确率: 0.8640
2026-03-09 22:46:50,411 - utils.random_forest - INFO - 多输出模型已保存到: D:\Code\Python\GraduationProject\models\random_forest_multioutput_model.pkl
2026-03-09 22:46:50,411 - __main__ - INFO - 多输出模型生成成功！
2026-03-09 22:46:50,414 - __main__ - INFO - 随机森林训练完成，准确率: 0.8640
2026-03-09 22:46:52,982 - __main__ - INFO - 开始PCA降维训练
2026-03-09 22:46:52,985 - database.db_manager - INFO - 数据库表创建/检查完成
2026-03-09 22:46:52,985 - database.db_manager - INFO - 数据库表创建/检查完成
2026-03-09 22:46:52,985 - __main__ - INFO - 开始PCA降维训练
2026-03-09 22:46:52,985 - database.db_manager - INFO - 数据库管理器初始化完成，路径: database/fault_data.db
2026-03-09 22:46:52,985 - __main__ - INFO - 从数据库读取数据...
2026-03-09 22:46:52,988 - utils.train_pca - INFO - 成功从数据库读取数据，形状: (570, 7)
2026-03-09 22:46:52,988 - utils.train_pca - INFO - 数据库路径: database/fault_data.db
2026-03-09 22:46:52,988 - __main__ - INFO - 成功从数据库读取数据，形状: (570, 7)
2026-03-09 22:46:52,988 - utils.train_pca - INFO - 提取特征: ['h2', 'ch4', 'c2h6', 'c2h4', 'c2h2']
2026-03-09 22:46:52,989 - utils.train_pca - INFO - 原始数据形状: (570, 5)
2026-03-09 22:46:52,989 - __main__ - INFO - 提取特征: ['h2', 'ch4', 'c2h6', 'c2h4', 'c2h2']
2026-03-09 22:46:52,990 - __main__ - INFO - 原始数据形状: (570, 5)
2026-03-09 22:46:52,990 - utils.train_pca - INFO - 数据标准化完成
2026-03-09 22:46:52,990 - __main__ - INFO - 开始数据标准化...
2026-03-09 22:46:52,991 - utils.train_pca - INFO - PCA 降维完成，保留 4 个主成分
2026-03-09 22:46:52,991 - __main__ - INFO - 数据标准化完成
2026-03-09 22:46:52,992 - utils.train_pca - INFO - 方差贡献率: [0.45666957 0.25982993 0.20186054 0.05650557]
2026-03-09 22:46:52,992 - __main__ - INFO - 开始PCA降维...
2026-03-09 22:46:52,992 - utils.train_pca - INFO - 累计贡献率: [0.45666957 0.7164995  0.91836004 0.9748656 ]
2026-03-09 22:46:52,992 - __main__ - INFO - PCA 降维完成，保留 4 个主成分
2026-03-09 22:46:52,993 - __main__ - INFO - 累计方差贡献率: 0.9749
2026-03-09 22:46:52,995 - utils.train_pca - INFO - 模型已保存到: D:\Code\Python\GraduationProject\models
2026-03-09 22:46:52,995 - utils.train_pca - INFO - PCA 模型: D:\Code\Python\GraduationProject\models\pca_model.pkl
2026-03-09 22:46:52,995 - __main__ - INFO - 模型已保存到: D:\Code\Python\GraduationProject\models
2026-03-09 22:46:52,995 - utils.train_pca - INFO - 标准化模型: D:\Code\Python\GraduationProject\models\scaler.pkl
2026-03-09 22:46:52,996 - __main__ - INFO - 将PCA结果保存到数据库...
2026-03-09 22:46:52,998 - database.db_manager - INFO - 数据库表创建/检查完成
2026-03-09 22:46:52,998 - database.db_manager - INFO - 数据库表创建/检查完成
2026-03-09 22:46:52,998 - database.db_manager - INFO - 数据库管理器初始化完成，路径: database/fault_data.db
2026-03-09 22:46:53,003 - utils.train_pca - INFO - 已清空 fusion_features 表
2026-03-09 22:46:53,004 - __main__ - INFO - 已清空 fusion_features 表
2026-03-09 22:46:53,015 - utils.train_pca - INFO - 成功将 570 条PCA结果保存到数据库
2026-03-09 22:46:53,015 - __main__ - INFO - 成功将 570 条PCA结果保存到数据库
2026-03-09 22:46:53,019 - __main__ - INFO - PCA降维训练完成
2026-03-09 22:46:54,171 - __main__ - INFO - 开始PCA降维训练
2026-03-09 22:46:54,174 - database.db_manager - INFO - 数据库表创建/检查完成
2026-03-09 22:46:54,174 - __main__ - INFO - 开始PCA降维训练
2026-03-09 22:46:54,174 - database.db_manager - INFO - 数据库表创建/检查完成
2026-03-09 22:46:54,174 - __main__ - INFO - 从数据库读取数据...
2026-03-09 22:46:54,174 - database.db_manager - INFO - 数据库管理器初始化完成，路径: database/fault_data.db
2026-03-09 22:46:54,176 - utils.train_pca - INFO - 成功从数据库读取数据，形状: (570, 7)
2026-03-09 22:46:54,177 - utils.train_pca - INFO - 数据库路径: database/fault_data.db
2026-03-09 22:46:54,177 - __main__ - INFO - 成功从数据库读取数据，形状: (570, 7)
2026-03-09 22:46:54,178 - utils.train_pca - INFO - 提取特征: ['h2', 'ch4', 'c2h6', 'c2h4', 'c2h2']
2026-03-09 22:46:54,178 - utils.train_pca - INFO - 原始数据形状: (570, 5)
2026-03-09 22:46:54,178 - __main__ - INFO - 提取特征: ['h2', 'ch4', 'c2h6', 'c2h4', 'c2h2']
2026-03-09 22:46:54,179 - __main__ - INFO - 原始数据形状: (570, 5)
2026-03-09 22:46:54,180 - __main__ - INFO - 开始数据标准化...
2026-03-09 22:46:54,180 - utils.train_pca - INFO - 数据标准化完成
2026-03-09 22:46:54,181 - __main__ - INFO - 数据标准化完成
2026-03-09 22:46:54,181 - utils.train_pca - INFO - PCA 降维完成，保留 4 个主成分
2026-03-09 22:46:54,181 - __main__ - INFO - 开始PCA降维...
2026-03-09 22:46:54,181 - utils.train_pca - INFO - 方差贡献率: [0.45666957 0.25982993 0.20186054 0.05650557]
2026-03-09 22:46:54,182 - __main__ - INFO - PCA 降维完成，保留 4 个主成分
2026-03-09 22:46:54,182 - utils.train_pca - INFO - 累计贡献率: [0.45666957 0.7164995  0.91836004 0.9748656 ]
2026-03-09 22:46:54,182 - __main__ - INFO - 累计方差贡献率: 0.9749
2026-03-09 22:46:54,184 - utils.train_pca - INFO - 模型已保存到: D:\Code\Python\GraduationProject\models
2026-03-09 22:46:54,184 - __main__ - INFO - 模型已保存到: D:\Code\Python\GraduationProject\models
2026-03-09 22:46:54,184 - utils.train_pca - INFO - PCA 模型: D:\Code\Python\GraduationProject\models\pca_model.pkl
2026-03-09 22:46:54,185 - utils.train_pca - INFO - 标准化模型: D:\Code\Python\GraduationProject\models\scaler.pkl
2026-03-09 22:46:54,185 - __main__ - INFO - 将PCA结果保存到数据库...
2026-03-09 22:46:54,186 - database.db_manager - INFO - 数据库表创建/检查完成
2026-03-09 22:46:54,187 - database.db_manager - INFO - 数据库表创建/检查完成
2026-03-09 22:46:54,187 - database.db_manager - INFO - 数据库管理器初始化完成，路径: database/fault_data.db
2026-03-09 22:46:54,192 - utils.train_pca - INFO - 已清空 fusion_features 表
2026-03-09 22:46:54,193 - __main__ - INFO - 已清空 fusion_features 表
2026-03-09 22:46:54,202 - utils.train_pca - INFO - 成功将 570 条PCA结果保存到数据库
2026-03-09 22:46:54,203 - __main__ - INFO - 成功将 570 条PCA结果保存到数据库
2026-03-09 22:46:54,205 - __main__ - INFO - PCA降维训练完成
